c:\users\221209\desktop\workspace\dev_c\portfolio\3_iocp\x64\debug\vc143.pdb
c:\users\221209\desktop\workspace\dev_c\portfolio\3_iocp\x64\debug\vc143.idb
c:\users\221209\desktop\workspace\dev_c\portfolio\3_iocp\x64\debug\txtparser.obj
c:\users\221209\desktop\workspace\dev_c\portfolio\3_iocp\x64\debug\ringbuffer.obj
c:\users\221209\desktop\workspace\dev_c\portfolio\3_iocp\x64\debug\messagebuffer.obj
c:\users\221209\desktop\workspace\dev_c\portfolio\3_iocp\x64\debug\_main.obj
c:\users\221209\desktop\workspace\dev_c\portfolio\3_iocp\x64\debug\netlib_optimized.obj
c:\users\221209\desktop\workspace\dev_c\portfolio\x64\debug\3_iocp.exe
c:\users\221209\desktop\workspace\dev_c\portfolio\3_iocp\x64\debug\3_iocp.ilk
c:\users\221209\desktop\workspace\dev_c\portfolio\x64\debug\3_iocp.pdb
c:\users\221209\desktop\workspace\dev_c\portfolio\3_iocp\x64\debug\echostressclient.obj
c:\users\221209\desktop\workspace\dev_c\portfolio\3_iocp\x64\debug\netlib_generalized.obj
c:\users\221209\desktop\workspace\dev_c\portfolio\3_iocp\x64\debug\_maintmp.obj
c:\users\221209\desktop\workspace\dev_c\portfolio\3_iocp\x64\debug\3_iocp.tlog\cl.command.1.tlog
c:\users\221209\desktop\workspace\dev_c\portfolio\3_iocp\x64\debug\3_iocp.tlog\cl.items.tlog
c:\users\221209\desktop\workspace\dev_c\portfolio\3_iocp\x64\debug\3_iocp.tlog\cl.read.1.tlog
c:\users\221209\desktop\workspace\dev_c\portfolio\3_iocp\x64\debug\3_iocp.tlog\cl.write.1.tlog
c:\users\221209\desktop\workspace\dev_c\portfolio\3_iocp\x64\debug\3_iocp.tlog\link.command.1.tlog
c:\users\221209\desktop\workspace\dev_c\portfolio\3_iocp\x64\debug\3_iocp.tlog\link.read.1.tlog
c:\users\221209\desktop\workspace\dev_c\portfolio\3_iocp\x64\debug\3_iocp.tlog\link.write.1.tlog
